\BOOKMARK [1][-]{section.1}{\376\377\000P\000e\000n\000d\000a\000h\000u\000l\000u\000a\000n}{}% 1
\BOOKMARK [2][-]{subsection.1.1}{\376\377\000L\000a\000t\000a\000r\000\040\000B\000e\000l\000a\000k\000a\000n\000g}{section.1}% 2
\BOOKMARK [2][-]{subsection.1.2}{\376\377\000R\000u\000m\000u\000s\000a\000n\000\040\000M\000a\000s\000a\000l\000a\000h}{section.1}% 3
\BOOKMARK [2][-]{subsection.1.3}{\376\377\000T\000u\000j\000u\000a\000n}{section.1}% 4
\BOOKMARK [1][-]{section.2}{\376\377\000L\000a\000n\000d\000a\000s\000a\000n\000\040\000T\000e\000o\000r\000i}{}% 5
\BOOKMARK [2][-]{subsection.2.1}{\376\377\000R\000e\000g\000r\000e\000s\000i\000\040\000L\000i\000n\000e\000a\000r\000\040\000B\000e\000r\000g\000a\000n\000d\000a\000\040\000\050\000O\000L\000S\000\051}{section.2}% 6
\BOOKMARK [2][-]{subsection.2.2}{\376\377\000U\000j\000i\000\040\000A\000s\000u\000m\000s\000i\000\040\000K\000l\000a\000s\000i\000k\000:\000\040\000H\000e\000t\000e\000r\000o\000g\000e\000n\000i\000t\000a\000s\000\040\000S\000p\000a\000s\000i\000a\000l}{section.2}% 7
\BOOKMARK [2][-]{subsection.2.3}{\376\377\000G\000e\000o\000g\000r\000a\000p\000h\000i\000c\000a\000l\000l\000y\000\040\000W\000e\000i\000g\000h\000t\000e\000d\000\040\000R\000e\000g\000r\000e\000s\000s\000i\000o\000n\000\040\000\050\000G\000W\000R\000\051}{section.2}% 8
\BOOKMARK [1][-]{section.3}{\376\377\000M\000e\000t\000o\000d\000e\000\040\000P\000e\000n\000e\000l\000i\000t\000i\000a\000n}{}% 9
\BOOKMARK [2][-]{subsection.3.1}{\376\377\000D\000a\000t\000a}{section.3}% 10
\BOOKMARK [2][-]{subsection.3.2}{\376\377\000T\000a\000h\000a\000p\000a\000n\000\040\000A\000n\000a\000l\000i\000s\000i\000s}{section.3}% 11
\BOOKMARK [1][-]{section.4}{\376\377\000A\000n\000a\000l\000i\000s\000i\000s\000\040\000d\000a\000n\000\040\000P\000e\000m\000b\000a\000h\000a\000s\000a\000n}{}% 12
\BOOKMARK [2][-]{subsection.4.1}{\376\377\000S\000t\000a\000t\000i\000s\000t\000i\000k\000\040\000D\000e\000s\000k\000r\000i\000p\000t\000i\000f}{section.4}% 13
\BOOKMARK [2][-]{subsection.4.2}{\376\377\000H\000a\000s\000i\000l\000\040\000P\000e\000m\000o\000d\000e\000l\000a\000n\000\040\000G\000l\000o\000b\000a\000l\000\040\000\050\000O\000L\000S\000\051}{section.4}% 14
\BOOKMARK [2][-]{subsection.4.3}{\376\377\000U\000j\000i\000\040\000A\000s\000u\000m\000s\000i\000\040\000H\000e\000t\000e\000r\000o\000g\000e\000n\000i\000t\000a\000s\000\040\000S\000p\000a\000s\000i\000a\000l}{section.4}% 15
\BOOKMARK [2][-]{subsection.4.4}{\376\377\000H\000a\000s\000i\000l\000\040\000P\000e\000m\000o\000d\000e\000l\000a\000n\000\040\000G\000W\000R}{section.4}% 16
\BOOKMARK [3][-]{subsubsection.4.4.1}{\376\377\000K\000e\000b\000a\000i\000k\000a\000n\000\040\000M\000o\000d\000e\000l\000\040\000L\000o\000k\000a\000l\000\040\000\050\000R\000-\000s\000q\000u\000a\000r\000e\000d\000\051}{subsection.4.4}% 17
\BOOKMARK [3][-]{subsubsection.4.4.2}{\376\377\000I\000n\000t\000e\000r\000p\000r\000e\000t\000a\000s\000i\000\040\000K\000o\000e\000f\000i\000s\000i\000e\000n\000\040\000S\000p\000a\000s\000i\000a\000l}{subsection.4.4}% 18
\BOOKMARK [3][-]{subsubsection.4.4.3}{\376\377\000D\000i\000a\000g\000n\000o\000s\000t\000i\000k\000\040\000M\000u\000l\000t\000i\000k\000o\000l\000i\000n\000e\000a\000r\000i\000t\000a\000s\000\040\000L\000o\000k\000a\000l}{subsection.4.4}% 19
\BOOKMARK [1][-]{section.5}{\376\377\000K\000e\000s\000i\000m\000p\000u\000l\000a\000n}{}% 20
