\BOOKMARK [1][-]{section*.3}{\376\377\000B\000A\000B\000\040\000I\000\040\000P\000E\000N\000D\000A\000H\000U\000L\000U\000A\000N}{}% 1
\BOOKMARK [2][-]{subsection.1.1}{\376\377\000L\000a\000t\000a\000r\000\040\000B\000e\000l\000a\000k\000a\000n\000g}{section*.3}% 2
\BOOKMARK [2][-]{subsection.1.2}{\376\377\000R\000u\000m\000u\000s\000a\000n\000\040\000M\000a\000s\000a\000l\000a\000h}{section*.3}% 3
\BOOKMARK [2][-]{subsection.1.3}{\376\377\000T\000u\000j\000u\000a\000n}{section*.3}% 4
\BOOKMARK [1][-]{subsection.1.3}{\376\377\000B\000A\000B\000\040\000I\000I\000\040\000L\000A\000N\000D\000A\000S\000A\000N\000\040\000T\000E\000O\000R\000I}{}% 5
\BOOKMARK [2][-]{subsection.2.1}{\376\377\000M\000a\000t\000r\000i\000k\000s\000\040\000P\000e\000m\000b\000o\000b\000o\000t\000\040\000S\000p\000a\000s\000i\000a\000l\000\040\000\050\000S\000p\000a\000t\000i\000a\000l\000\040\000W\000e\000i\000g\000h\000t\000s\000\040\000M\000a\000t\000r\000i\000x\000\051}{subsection.1.3}% 6
\BOOKMARK [3][-]{subsubsection.2.1.1}{\376\377\000R\000o\000o\000k\000\040\000C\000o\000n\000t\000i\000g\000u\000i\000t\000y}{subsection.2.1}% 7
\BOOKMARK [3][-]{subsubsection.2.1.2}{\376\377\000Q\000u\000e\000e\000n\000\040\000C\000o\000n\000t\000i\000g\000u\000i\000t\000y}{subsection.2.1}% 8
\BOOKMARK [3][-]{subsubsection.2.1.3}{\376\377\000B\000i\000s\000h\000o\000p\000\040\000C\000o\000n\000t\000i\000g\000u\000i\000t\000y}{subsection.2.1}% 9
\BOOKMARK [2][-]{subsection.2.2}{\376\377\000I\000n\000d\000e\000k\000s\000\040\000M\000o\000r\000a\000n\000\040\000\050\000M\000o\000r\000a\000n\000'\000s\000\040\000I\000\051}{subsection.1.3}% 10
\BOOKMARK [2][-]{subsection.2.3}{\376\377\000U\000j\000i\000\040\000L\000a\000g\000r\000a\000n\000g\000e\000\040\000M\000u\000l\000t\000i\000p\000l\000i\000e\000r\000\040\000\050\000L\000M\000\051}{subsection.1.3}% 11
\BOOKMARK [2][-]{subsection.2.4}{\376\377\000S\000p\000a\000t\000i\000a\000l\000\040\000L\000a\000g\000\040\000M\000o\000d\000e\000l\000\040\000\050\000S\000A\000R\000\051}{subsection.1.3}% 12
\BOOKMARK [2][-]{subsection.2.5}{\376\377\000S\000p\000a\000t\000i\000a\000l\000\040\000E\000r\000r\000o\000r\000\040\000M\000o\000d\000e\000l\000\040\000\050\000S\000E\000M\000\051}{subsection.1.3}% 13
\BOOKMARK [1][-]{subsection.2.5}{\376\377\000B\000A\000B\000\040\000I\000I\000I\000\040\000M\000E\000T\000O\000D\000E\000\040\000P\000E\000N\000E\000L\000I\000T\000I\000A\000N}{}% 14
\BOOKMARK [2][-]{subsection.3.1}{\376\377\000D\000a\000t\000a\000\040\000d\000a\000n\000\040\000V\000a\000r\000i\000a\000b\000e\000l}{subsection.2.5}% 15
\BOOKMARK [2][-]{subsection.3.2}{\376\377\000T\000a\000h\000a\000p\000a\000n\000\040\000A\000n\000a\000l\000i\000s\000i\000s}{subsection.2.5}% 16
\BOOKMARK [1][-]{Item.9}{\376\377\000B\000A\000B\000\040\000I\000V\000\040\000A\000N\000A\000L\000I\000S\000I\000S\000\040\000D\000A\000N\000\040\000P\000E\000M\000B\000A\000H\000A\000S\000A\000N}{}% 17
\BOOKMARK [2][-]{subsection.4.1}{\376\377\000A\000n\000a\000l\000i\000s\000i\000s\000\040\000D\000e\000s\000k\000r\000i\000p\000t\000i\000f\000\040\000d\000a\000n\000\040\000E\000k\000s\000p\000l\000o\000r\000a\000s\000i\000\040\000D\000a\000t\000a\000\040\000\050\000E\000D\000A\000\051}{Item.9}% 18
\BOOKMARK [3][-]{subsubsection.4.1.1}{\376\377\000S\000t\000a\000t\000i\000s\000t\000i\000k\000\040\000D\000e\000s\000k\000r\000i\000p\000t\000i\000f}{subsection.4.1}% 19
\BOOKMARK [3][-]{subsubsection.4.1.2}{\376\377\000V\000i\000s\000u\000a\000l\000i\000s\000a\000s\000i\000\040\000D\000a\000t\000a}{subsection.4.1}% 20
\BOOKMARK [3][-]{subsubsection.4.1.3}{\376\377\000P\000e\000t\000a\000\040\000S\000e\000b\000a\000r\000a\000n}{subsection.4.1}% 21
\BOOKMARK [2][-]{subsection.4.2}{\376\377\000H\000a\000s\000i\000l\000\040\000R\000e\000g\000r\000e\000s\000i\000\040\000O\000L\000S\000\040\000\050\000G\000l\000o\000b\000a\000l\000\051}{Item.9}% 22
\BOOKMARK [2][-]{subsection.4.3}{\376\377\000D\000i\000a\000g\000n\000o\000s\000t\000i\000k\000\040\000D\000e\000p\000e\000n\000d\000e\000n\000s\000i\000\040\000S\000p\000a\000s\000i\000a\000l}{Item.9}% 23
\BOOKMARK [2][-]{subsection.4.4}{\376\377\000H\000a\000s\000i\000l\000\040\000R\000e\000g\000r\000e\000s\000i\000\040\000S\000p\000a\000s\000i\000a\000l\000\040\000\050\000S\000E\000M\000\051}{Item.9}% 24
\BOOKMARK [2][-]{subsection.4.5}{\376\377\000P\000e\000r\000b\000a\000n\000d\000i\000n\000g\000a\000n\000\040\000M\000o\000d\000e\000l}{Item.9}% 25
\BOOKMARK [2][-]{subsection.4.6}{\376\377\000I\000n\000t\000e\000r\000p\000r\000e\000t\000a\000s\000i}{Item.9}% 26
\BOOKMARK [1][-]{subsection.4.6}{\376\377\000B\000A\000B\000\040\000V\000\040\000K\000E\000S\000I\000M\000P\000U\000L\000A\000N}{}% 27
\BOOKMARK [1][-]{Item.13}{\376\377\000D\000A\000F\000T\000A\000R\000\040\000P\000U\000S\000T\000A\000K\000A}{}% 28
\BOOKMARK [1][-]{Item.13}{\376\377\000L\000A\000M\000P\000I\000R\000A\000N}{}% 29
